<?xml version="1.0" encoding="UTF-8"?>
<!-- Generated by org.testng.reporters.JUnitReportReporter -->
<testsuite hostname="LTIN509515" failures="0" tests="1" name="com.cas.base.BaseTestCase" time="10.013" errors="0" timestamp="2024-03-26T13:41:33 IST" skipped="0">
  <testcase classname="com.cas.base.BaseTestCase" name="check" time="10.013"/>
</testsuite> <!-- com.cas.base.BaseTestCase -->
