<?xml version="1.0" encoding="UTF-8"?>
<!-- Generated by org.testng.reporters.JUnitReportReporter -->
<testsuite hostname="LTIN509515" failures="0" tests="1" name="com.cas.news.test.UserInformationTest" time="18.670" errors="0" timestamp="2024-04-02T17:11:04 IST" skipped="0">
  <testcase classname="com.cas.news.test.UserInformationTest" name="PrintUserDetails" time="18.670"/>
</testsuite> <!-- com.cas.news.test.UserInformationTest -->
