<?xml version="1.0" encoding="UTF-8"?>
<!-- Generated by org.testng.reporters.JUnitReportReporter -->
<testsuite hostname="LTIN509515" failures="0" tests="2" name="com.cas.news.test.AllNewsPageTests" time="36.702" errors="0" timestamp="2024-04-02T17:11:04 IST" skipped="0">
  <testcase classname="com.cas.news.test.AllNewsPageTests" name="ValidateSeeAllToolTips" time="2.685"/>
  <testcase classname="com.cas.news.test.AllNewsPageTests" name="GetNewsDetails" time="34.017"/>
</testsuite> <!-- com.cas.news.test.AllNewsPageTests -->
