<?xml version="1.0" encoding="UTF-8"?>
<!-- Generated by org.testng.reporters.JUnitReportReporter -->
<testsuite hostname="LTIN509515" failures="0" tests="3" name="com.cas.news.test.MainPageTests" time="8.897" errors="0" timestamp="2024-04-02T17:11:04 IST" skipped="0">
  <testcase classname="com.cas.news.test.MainPageTests" name="ValidateHeader" time="2.275"/>
  <testcase classname="com.cas.news.test.MainPageTests" name="ValidateMainPageToolTips" time="4.330"/>
  <testcase classname="com.cas.news.test.MainPageTests" name="SellAll" time="2.292"/>
</testsuite> <!-- com.cas.news.test.MainPageTests -->
